21-Apr-2025 12:14:08.347 信息 [main] org.apache.catalina.startup.VersionLoggerListener.log Server.服务器版本: Apache Tomcat/11.0.6
21-Apr-2025 12:14:08.350 信息 [main] org.apache.catalina.startup.VersionLoggerListener.log 服务器构建:        Apr 1 2025 14:40:40 UTC
21-Apr-2025 12:14:08.351 信息 [main] org.apache.catalina.startup.VersionLoggerListener.log 服务器版本号:      11.0.6.0
21-Apr-2025 12:14:08.351 信息 [main] org.apache.catalina.startup.VersionLoggerListener.log 操作系统名称:      Windows 11
21-Apr-2025 12:14:08.351 信息 [main] org.apache.catalina.startup.VersionLoggerListener.log OS.版本:           10.0
21-Apr-2025 12:14:08.352 信息 [main] org.apache.catalina.startup.VersionLoggerListener.log 架构:              amd64
21-Apr-2025 12:14:08.352 信息 [main] org.apache.catalina.startup.VersionLoggerListener.log Java 环境变量:     D:\JDK17
21-Apr-2025 12:14:08.352 信息 [main] org.apache.catalina.startup.VersionLoggerListener.log Java虚拟机版本:    17.0.12+8-LTS-286
21-Apr-2025 12:14:08.352 信息 [main] org.apache.catalina.startup.VersionLoggerListener.log JVM.供应商:        Oracle Corporation
21-Apr-2025 12:14:08.352 信息 [main] org.apache.catalina.startup.VersionLoggerListener.log CATALINA_BASE:     D:\Work\cloud-repository\Code\Java\apache-tomcat-11.0.6-windows-x64\apache-tomcat-11.0.6
21-Apr-2025 12:14:08.352 信息 [main] org.apache.catalina.startup.VersionLoggerListener.log CATALINA_HOME:     D:\Work\cloud-repository\Code\Java\apache-tomcat-11.0.6-windows-x64\apache-tomcat-11.0.6
21-Apr-2025 12:14:08.358 信息 [main] org.apache.catalina.startup.VersionLoggerListener.log 命令行参数：       -Djava.util.logging.config.file=D:\Work\cloud-repository\Code\Java\apache-tomcat-11.0.6-windows-x64\apache-tomcat-11.0.6\conf\logging.properties
21-Apr-2025 12:14:08.358 信息 [main] org.apache.catalina.startup.VersionLoggerListener.log 命令行参数：       -Djava.util.logging.manager=org.apache.juli.ClassLoaderLogManager
21-Apr-2025 12:14:08.358 信息 [main] org.apache.catalina.startup.VersionLoggerListener.log 命令行参数：       -Djdk.tls.ephemeralDHKeySize=2048
21-Apr-2025 12:14:08.358 信息 [main] org.apache.catalina.startup.VersionLoggerListener.log 命令行参数：       --add-opens=java.base/java.lang=ALL-UNNAMED
21-Apr-2025 12:14:08.358 信息 [main] org.apache.catalina.startup.VersionLoggerListener.log 命令行参数：       --add-opens=java.base/java.lang.reflect=ALL-UNNAMED
21-Apr-2025 12:14:08.358 信息 [main] org.apache.catalina.startup.VersionLoggerListener.log 命令行参数：       --add-opens=java.base/java.io=ALL-UNNAMED
21-Apr-2025 12:14:08.359 信息 [main] org.apache.catalina.startup.VersionLoggerListener.log 命令行参数：       --add-opens=java.base/java.util=ALL-UNNAMED
21-Apr-2025 12:14:08.359 信息 [main] org.apache.catalina.startup.VersionLoggerListener.log 命令行参数：       --add-opens=java.base/java.util.concurrent=ALL-UNNAMED
21-Apr-2025 12:14:08.359 信息 [main] org.apache.catalina.startup.VersionLoggerListener.log 命令行参数：       --add-opens=java.rmi/sun.rmi.transport=ALL-UNNAMED
21-Apr-2025 12:14:08.360 信息 [main] org.apache.catalina.startup.VersionLoggerListener.log 命令行参数：       --enable-native-access=ALL-UNNAMED
21-Apr-2025 12:14:08.360 信息 [main] org.apache.catalina.startup.VersionLoggerListener.log 命令行参数：       -Dcatalina.base=D:\Work\cloud-repository\Code\Java\apache-tomcat-11.0.6-windows-x64\apache-tomcat-11.0.6
21-Apr-2025 12:14:08.360 信息 [main] org.apache.catalina.startup.VersionLoggerListener.log 命令行参数：       -Dcatalina.home=D:\Work\cloud-repository\Code\Java\apache-tomcat-11.0.6-windows-x64\apache-tomcat-11.0.6
21-Apr-2025 12:14:08.360 信息 [main] org.apache.catalina.startup.VersionLoggerListener.log 命令行参数：       -Djava.io.tmpdir=D:\Work\cloud-repository\Code\Java\apache-tomcat-11.0.6-windows-x64\apache-tomcat-11.0.6\temp
21-Apr-2025 12:14:08.361 信息 [main] org.apache.catalina.core.AprLifecycleListener.lifecycleEvent 使用APR版本[1.7.4]加载了基于APR的Apache Tomcat本机库[2.0.8]。
21-Apr-2025 12:14:08.364 信息 [main] org.apache.catalina.core.AprLifecycleListener.initializeSSL OpenSSL成功初始化 [OpenSSL 3.0.14 4 Jun 2024]
21-Apr-2025 12:14:08.519 信息 [main] org.apache.coyote.AbstractProtocol.init 初始化协议处理器 ["http-nio-8080"]
21-Apr-2025 12:14:08.537 信息 [main] org.apache.catalina.startup.Catalina.load 服务器在[322]毫秒内初始化
21-Apr-2025 12:14:08.577 信息 [main] org.apache.catalina.core.StandardService.startInternal 正在启动服务[Catalina]
21-Apr-2025 12:14:08.577 信息 [main] org.apache.catalina.core.StandardEngine.startInternal 正在启动 Servlet 引擎：[Apache Tomcat/11.0.6]
21-Apr-2025 12:14:08.583 信息 [main] org.apache.catalina.startup.HostConfig.deployDirectory 把web 应用程序部署到目录 [D:\Work\cloud-repository\Code\Java\apache-tomcat-11.0.6-windows-x64\apache-tomcat-11.0.6\webapps\docs]
21-Apr-2025 12:14:08.846 信息 [main] org.apache.catalina.startup.HostConfig.deployDirectory Web应用程序目录[D:\Work\cloud-repository\Code\Java\apache-tomcat-11.0.6-windows-x64\apache-tomcat-11.0.6\webapps\docs]的部署已在[261]毫秒内完成
21-Apr-2025 12:14:08.846 信息 [main] org.apache.catalina.startup.HostConfig.deployDirectory 把web 应用程序部署到目录 [D:\Work\cloud-repository\Code\Java\apache-tomcat-11.0.6-windows-x64\apache-tomcat-11.0.6\webapps\examples]
21-Apr-2025 12:14:09.038 信息 [main] org.apache.catalina.startup.HostConfig.deployDirectory Web应用程序目录[D:\Work\cloud-repository\Code\Java\apache-tomcat-11.0.6-windows-x64\apache-tomcat-11.0.6\webapps\examples]的部署已在[192]毫秒内完成
21-Apr-2025 12:14:09.039 信息 [main] org.apache.catalina.startup.HostConfig.deployDirectory 把web 应用程序部署到目录 [D:\Work\cloud-repository\Code\Java\apache-tomcat-11.0.6-windows-x64\apache-tomcat-11.0.6\webapps\host-manager]
21-Apr-2025 12:14:09.059 信息 [main] org.apache.catalina.startup.HostConfig.deployDirectory Web应用程序目录[D:\Work\cloud-repository\Code\Java\apache-tomcat-11.0.6-windows-x64\apache-tomcat-11.0.6\webapps\host-manager]的部署已在[20]毫秒内完成
21-Apr-2025 12:14:09.060 信息 [main] org.apache.catalina.startup.HostConfig.deployDirectory 把web 应用程序部署到目录 [D:\Work\cloud-repository\Code\Java\apache-tomcat-11.0.6-windows-x64\apache-tomcat-11.0.6\webapps\manager]
21-Apr-2025 12:14:09.077 信息 [main] org.apache.catalina.startup.HostConfig.deployDirectory Web应用程序目录[D:\Work\cloud-repository\Code\Java\apache-tomcat-11.0.6-windows-x64\apache-tomcat-11.0.6\webapps\manager]的部署已在[18]毫秒内完成
21-Apr-2025 12:14:09.077 信息 [main] org.apache.catalina.startup.HostConfig.deployDirectory 把web 应用程序部署到目录 [D:\Work\cloud-repository\Code\Java\apache-tomcat-11.0.6-windows-x64\apache-tomcat-11.0.6\webapps\ROOT]
21-Apr-2025 12:14:09.093 信息 [main] org.apache.catalina.startup.HostConfig.deployDirectory Web应用程序目录[D:\Work\cloud-repository\Code\Java\apache-tomcat-11.0.6-windows-x64\apache-tomcat-11.0.6\webapps\ROOT]的部署已在[16]毫秒内完成
21-Apr-2025 12:14:09.096 信息 [main] org.apache.coyote.AbstractProtocol.start 开始协议处理句柄["http-nio-8080"]
21-Apr-2025 12:14:09.140 信息 [main] org.apache.catalina.startup.Catalina.start [602]毫秒后服务器启动
21-Apr-2025 12:17:22.704 信息 [main] org.apache.catalina.startup.VersionLoggerListener.log Server.服务器版本: Apache Tomcat/11.0.6
21-Apr-2025 12:17:22.708 信息 [main] org.apache.catalina.startup.VersionLoggerListener.log 服务器构建:        Apr 1 2025 14:40:40 UTC
21-Apr-2025 12:17:22.709 信息 [main] org.apache.catalina.startup.VersionLoggerListener.log 服务器版本号:      11.0.6.0
21-Apr-2025 12:17:22.709 信息 [main] org.apache.catalina.startup.VersionLoggerListener.log 操作系统名称:      Windows 11
21-Apr-2025 12:17:22.709 信息 [main] org.apache.catalina.startup.VersionLoggerListener.log OS.版本:           10.0
21-Apr-2025 12:17:22.709 信息 [main] org.apache.catalina.startup.VersionLoggerListener.log 架构:              amd64
21-Apr-2025 12:17:22.709 信息 [main] org.apache.catalina.startup.VersionLoggerListener.log Java 环境变量:     D:\JDK17
21-Apr-2025 12:17:22.709 信息 [main] org.apache.catalina.startup.VersionLoggerListener.log Java虚拟机版本:    17.0.12+8-LTS-286
21-Apr-2025 12:17:22.709 信息 [main] org.apache.catalina.startup.VersionLoggerListener.log JVM.供应商:        Oracle Corporation
21-Apr-2025 12:17:22.710 信息 [main] org.apache.catalina.startup.VersionLoggerListener.log CATALINA_BASE:     D:\Work\cloud-repository\Code\Java\apache-tomcat-11.0.6-windows-x64\apache-tomcat-11.0.6
21-Apr-2025 12:17:22.710 信息 [main] org.apache.catalina.startup.VersionLoggerListener.log CATALINA_HOME:     D:\Work\cloud-repository\Code\Java\apache-tomcat-11.0.6-windows-x64\apache-tomcat-11.0.6
21-Apr-2025 12:17:22.715 信息 [main] org.apache.catalina.startup.VersionLoggerListener.log 命令行参数：       -Djava.util.logging.config.file=D:\Work\cloud-repository\Code\Java\apache-tomcat-11.0.6-windows-x64\apache-tomcat-11.0.6\conf\logging.properties
21-Apr-2025 12:17:22.716 信息 [main] org.apache.catalina.startup.VersionLoggerListener.log 命令行参数：       -Djava.util.logging.manager=org.apache.juli.ClassLoaderLogManager
21-Apr-2025 12:17:22.716 信息 [main] org.apache.catalina.startup.VersionLoggerListener.log 命令行参数：       -Djdk.tls.ephemeralDHKeySize=2048
21-Apr-2025 12:17:22.716 信息 [main] org.apache.catalina.startup.VersionLoggerListener.log 命令行参数：       --add-opens=java.base/java.lang=ALL-UNNAMED
21-Apr-2025 12:17:22.716 信息 [main] org.apache.catalina.startup.VersionLoggerListener.log 命令行参数：       --add-opens=java.base/java.lang.reflect=ALL-UNNAMED
21-Apr-2025 12:17:22.716 信息 [main] org.apache.catalina.startup.VersionLoggerListener.log 命令行参数：       --add-opens=java.base/java.io=ALL-UNNAMED
21-Apr-2025 12:17:22.716 信息 [main] org.apache.catalina.startup.VersionLoggerListener.log 命令行参数：       --add-opens=java.base/java.util=ALL-UNNAMED
21-Apr-2025 12:17:22.717 信息 [main] org.apache.catalina.startup.VersionLoggerListener.log 命令行参数：       --add-opens=java.base/java.util.concurrent=ALL-UNNAMED
21-Apr-2025 12:17:22.717 信息 [main] org.apache.catalina.startup.VersionLoggerListener.log 命令行参数：       --add-opens=java.rmi/sun.rmi.transport=ALL-UNNAMED
21-Apr-2025 12:17:22.717 信息 [main] org.apache.catalina.startup.VersionLoggerListener.log 命令行参数：       --enable-native-access=ALL-UNNAMED
21-Apr-2025 12:17:22.717 信息 [main] org.apache.catalina.startup.VersionLoggerListener.log 命令行参数：       -Dcatalina.base=D:\Work\cloud-repository\Code\Java\apache-tomcat-11.0.6-windows-x64\apache-tomcat-11.0.6
21-Apr-2025 12:17:22.717 信息 [main] org.apache.catalina.startup.VersionLoggerListener.log 命令行参数：       -Dcatalina.home=D:\Work\cloud-repository\Code\Java\apache-tomcat-11.0.6-windows-x64\apache-tomcat-11.0.6
21-Apr-2025 12:17:22.717 信息 [main] org.apache.catalina.startup.VersionLoggerListener.log 命令行参数：       -Djava.io.tmpdir=D:\Work\cloud-repository\Code\Java\apache-tomcat-11.0.6-windows-x64\apache-tomcat-11.0.6\temp
21-Apr-2025 12:17:22.718 信息 [main] org.apache.catalina.core.AprLifecycleListener.lifecycleEvent 使用APR版本[1.7.4]加载了基于APR的Apache Tomcat本机库[2.0.8]。
21-Apr-2025 12:17:22.721 信息 [main] org.apache.catalina.core.AprLifecycleListener.initializeSSL OpenSSL成功初始化 [OpenSSL 3.0.14 4 Jun 2024]
21-Apr-2025 12:17:22.901 信息 [main] org.apache.coyote.AbstractProtocol.init 初始化协议处理器 ["http-nio-8080"]
21-Apr-2025 12:17:22.920 信息 [main] org.apache.catalina.startup.Catalina.load 服务器在[344]毫秒内初始化
21-Apr-2025 12:17:22.983 信息 [main] org.apache.catalina.core.StandardService.startInternal 正在启动服务[Catalina]
21-Apr-2025 12:17:22.983 信息 [main] org.apache.catalina.core.StandardEngine.startInternal 正在启动 Servlet 引擎：[Apache Tomcat/11.0.6]
21-Apr-2025 12:17:22.997 信息 [main] org.apache.catalina.startup.HostConfig.deployDirectory 把web 应用程序部署到目录 [D:\Work\cloud-repository\Code\Java\apache-tomcat-11.0.6-windows-x64\apache-tomcat-11.0.6\webapps\docs]
21-Apr-2025 12:17:23.244 信息 [main] org.apache.catalina.startup.HostConfig.deployDirectory Web应用程序目录[D:\Work\cloud-repository\Code\Java\apache-tomcat-11.0.6-windows-x64\apache-tomcat-11.0.6\webapps\docs]的部署已在[247]毫秒内完成
21-Apr-2025 12:17:23.244 信息 [main] org.apache.catalina.startup.HostConfig.deployDirectory 把web 应用程序部署到目录 [D:\Work\cloud-repository\Code\Java\apache-tomcat-11.0.6-windows-x64\apache-tomcat-11.0.6\webapps\examples]
21-Apr-2025 12:17:23.445 信息 [main] org.apache.catalina.startup.HostConfig.deployDirectory Web应用程序目录[D:\Work\cloud-repository\Code\Java\apache-tomcat-11.0.6-windows-x64\apache-tomcat-11.0.6\webapps\examples]的部署已在[201]毫秒内完成
21-Apr-2025 12:17:23.445 信息 [main] org.apache.catalina.startup.HostConfig.deployDirectory 把web 应用程序部署到目录 [D:\Work\cloud-repository\Code\Java\apache-tomcat-11.0.6-windows-x64\apache-tomcat-11.0.6\webapps\host-manager]
21-Apr-2025 12:17:23.466 信息 [main] org.apache.catalina.startup.HostConfig.deployDirectory Web应用程序目录[D:\Work\cloud-repository\Code\Java\apache-tomcat-11.0.6-windows-x64\apache-tomcat-11.0.6\webapps\host-manager]的部署已在[20]毫秒内完成
21-Apr-2025 12:17:23.466 信息 [main] org.apache.catalina.startup.HostConfig.deployDirectory 把web 应用程序部署到目录 [D:\Work\cloud-repository\Code\Java\apache-tomcat-11.0.6-windows-x64\apache-tomcat-11.0.6\webapps\manager]
21-Apr-2025 12:17:23.482 信息 [main] org.apache.catalina.startup.HostConfig.deployDirectory Web应用程序目录[D:\Work\cloud-repository\Code\Java\apache-tomcat-11.0.6-windows-x64\apache-tomcat-11.0.6\webapps\manager]的部署已在[15]毫秒内完成
21-Apr-2025 12:17:23.482 信息 [main] org.apache.catalina.startup.HostConfig.deployDirectory 把web 应用程序部署到目录 [D:\Work\cloud-repository\Code\Java\apache-tomcat-11.0.6-windows-x64\apache-tomcat-11.0.6\webapps\ROOT]
21-Apr-2025 12:17:23.496 信息 [main] org.apache.catalina.startup.HostConfig.deployDirectory Web应用程序目录[D:\Work\cloud-repository\Code\Java\apache-tomcat-11.0.6-windows-x64\apache-tomcat-11.0.6\webapps\ROOT]的部署已在[14]毫秒内完成
21-Apr-2025 12:17:23.498 信息 [main] org.apache.coyote.AbstractProtocol.start 开始协议处理句柄["http-nio-8080"]
21-Apr-2025 12:17:23.541 信息 [main] org.apache.catalina.startup.Catalina.start [620]毫秒后服务器启动
21-Apr-2025 19:57:25.191 信息 [main] org.apache.catalina.startup.VersionLoggerListener.log Server.服务器版本: Apache Tomcat/11.0.6
21-Apr-2025 19:57:25.194 信息 [main] org.apache.catalina.startup.VersionLoggerListener.log 服务器构建:        Apr 1 2025 14:40:40 UTC
21-Apr-2025 19:57:25.196 信息 [main] org.apache.catalina.startup.VersionLoggerListener.log 服务器版本号:      11.0.6.0
21-Apr-2025 19:57:25.196 信息 [main] org.apache.catalina.startup.VersionLoggerListener.log 操作系统名称:      Windows 11
21-Apr-2025 19:57:25.196 信息 [main] org.apache.catalina.startup.VersionLoggerListener.log OS.版本:           10.0
21-Apr-2025 19:57:25.196 信息 [main] org.apache.catalina.startup.VersionLoggerListener.log 架构:              amd64
21-Apr-2025 19:57:25.196 信息 [main] org.apache.catalina.startup.VersionLoggerListener.log Java 环境变量:     D:\JDK17
21-Apr-2025 19:57:25.196 信息 [main] org.apache.catalina.startup.VersionLoggerListener.log Java虚拟机版本:    17.0.12+8-LTS-286
21-Apr-2025 19:57:25.197 信息 [main] org.apache.catalina.startup.VersionLoggerListener.log JVM.供应商:        Oracle Corporation
21-Apr-2025 19:57:25.197 信息 [main] org.apache.catalina.startup.VersionLoggerListener.log CATALINA_BASE:     D:\Work\cloud-repository\Code\Java\Javaweb\Prac\apache-tomcat-11.0.6-windows-x64\apache-tomcat-11.0.6
21-Apr-2025 19:57:25.197 信息 [main] org.apache.catalina.startup.VersionLoggerListener.log CATALINA_HOME:     D:\Work\cloud-repository\Code\Java\Javaweb\Prac\apache-tomcat-11.0.6-windows-x64\apache-tomcat-11.0.6
21-Apr-2025 19:57:25.203 信息 [main] org.apache.catalina.startup.VersionLoggerListener.log 命令行参数：       -Djava.util.logging.config.file=D:\Work\cloud-repository\Code\Java\Javaweb\Prac\apache-tomcat-11.0.6-windows-x64\apache-tomcat-11.0.6\conf\logging.properties
21-Apr-2025 19:57:25.203 信息 [main] org.apache.catalina.startup.VersionLoggerListener.log 命令行参数：       -Djava.util.logging.manager=org.apache.juli.ClassLoaderLogManager
21-Apr-2025 19:57:25.203 信息 [main] org.apache.catalina.startup.VersionLoggerListener.log 命令行参数：       -Djdk.tls.ephemeralDHKeySize=2048
21-Apr-2025 19:57:25.203 信息 [main] org.apache.catalina.startup.VersionLoggerListener.log 命令行参数：       --add-opens=java.base/java.lang=ALL-UNNAMED
21-Apr-2025 19:57:25.203 信息 [main] org.apache.catalina.startup.VersionLoggerListener.log 命令行参数：       --add-opens=java.base/java.lang.reflect=ALL-UNNAMED
21-Apr-2025 19:57:25.204 信息 [main] org.apache.catalina.startup.VersionLoggerListener.log 命令行参数：       --add-opens=java.base/java.io=ALL-UNNAMED
21-Apr-2025 19:57:25.204 信息 [main] org.apache.catalina.startup.VersionLoggerListener.log 命令行参数：       --add-opens=java.base/java.util=ALL-UNNAMED
21-Apr-2025 19:57:25.204 信息 [main] org.apache.catalina.startup.VersionLoggerListener.log 命令行参数：       --add-opens=java.base/java.util.concurrent=ALL-UNNAMED
21-Apr-2025 19:57:25.204 信息 [main] org.apache.catalina.startup.VersionLoggerListener.log 命令行参数：       --add-opens=java.rmi/sun.rmi.transport=ALL-UNNAMED
21-Apr-2025 19:57:25.204 信息 [main] org.apache.catalina.startup.VersionLoggerListener.log 命令行参数：       --enable-native-access=ALL-UNNAMED
21-Apr-2025 19:57:25.204 信息 [main] org.apache.catalina.startup.VersionLoggerListener.log 命令行参数：       -Dcatalina.base=D:\Work\cloud-repository\Code\Java\Javaweb\Prac\apache-tomcat-11.0.6-windows-x64\apache-tomcat-11.0.6
21-Apr-2025 19:57:25.204 信息 [main] org.apache.catalina.startup.VersionLoggerListener.log 命令行参数：       -Dcatalina.home=D:\Work\cloud-repository\Code\Java\Javaweb\Prac\apache-tomcat-11.0.6-windows-x64\apache-tomcat-11.0.6
21-Apr-2025 19:57:25.204 信息 [main] org.apache.catalina.startup.VersionLoggerListener.log 命令行参数：       -Djava.io.tmpdir=D:\Work\cloud-repository\Code\Java\Javaweb\Prac\apache-tomcat-11.0.6-windows-x64\apache-tomcat-11.0.6\temp
21-Apr-2025 19:57:25.207 信息 [main] org.apache.catalina.core.AprLifecycleListener.lifecycleEvent 使用APR版本[1.7.4]加载了基于APR的Apache Tomcat本机库[2.0.8]。
21-Apr-2025 19:57:25.209 信息 [main] org.apache.catalina.core.AprLifecycleListener.initializeSSL OpenSSL成功初始化 [OpenSSL 3.0.14 4 Jun 2024]
21-Apr-2025 19:57:25.370 信息 [main] org.apache.coyote.AbstractProtocol.init 初始化协议处理器 ["http-nio-8080"]
21-Apr-2025 19:57:25.392 信息 [main] org.apache.catalina.startup.Catalina.load 服务器在[346]毫秒内初始化
21-Apr-2025 19:57:25.444 信息 [main] org.apache.catalina.core.StandardService.startInternal 正在启动服务[Catalina]
21-Apr-2025 19:57:25.444 信息 [main] org.apache.catalina.core.StandardEngine.startInternal 正在启动 Servlet 引擎：[Apache Tomcat/11.0.6]
21-Apr-2025 19:57:25.455 信息 [main] org.apache.catalina.startup.HostConfig.deployWAR 正在部署web应用程序存档文件[D:\Work\cloud-repository\Code\Java\Javaweb\Prac\apache-tomcat-11.0.6-windows-x64\apache-tomcat-11.0.6\webapps\tomcat-prac-1.0-SNAPSHOT.war]
21-Apr-2025 19:57:25.691 信息 [main] org.apache.catalina.startup.HostConfig.deployWAR web应用程序存档文件[D:\Work\cloud-repository\Code\Java\Javaweb\Prac\apache-tomcat-11.0.6-windows-x64\apache-tomcat-11.0.6\webapps\tomcat-prac-1.0-SNAPSHOT.war]的部署已在[235]ms内完成
21-Apr-2025 19:57:25.691 信息 [main] org.apache.catalina.startup.HostConfig.deployDirectory 把web 应用程序部署到目录 [D:\Work\cloud-repository\Code\Java\Javaweb\Prac\apache-tomcat-11.0.6-windows-x64\apache-tomcat-11.0.6\webapps\docs]
21-Apr-2025 19:57:25.712 信息 [main] org.apache.catalina.startup.HostConfig.deployDirectory Web应用程序目录[D:\Work\cloud-repository\Code\Java\Javaweb\Prac\apache-tomcat-11.0.6-windows-x64\apache-tomcat-11.0.6\webapps\docs]的部署已在[20]毫秒内完成
21-Apr-2025 19:57:25.712 信息 [main] org.apache.catalina.startup.HostConfig.deployDirectory 把web 应用程序部署到目录 [D:\Work\cloud-repository\Code\Java\Javaweb\Prac\apache-tomcat-11.0.6-windows-x64\apache-tomcat-11.0.6\webapps\examples]
21-Apr-2025 19:57:25.927 信息 [main] org.apache.catalina.startup.HostConfig.deployDirectory Web应用程序目录[D:\Work\cloud-repository\Code\Java\Javaweb\Prac\apache-tomcat-11.0.6-windows-x64\apache-tomcat-11.0.6\webapps\examples]的部署已在[215]毫秒内完成
21-Apr-2025 19:57:25.928 信息 [main] org.apache.catalina.startup.HostConfig.deployDirectory 把web 应用程序部署到目录 [D:\Work\cloud-repository\Code\Java\Javaweb\Prac\apache-tomcat-11.0.6-windows-x64\apache-tomcat-11.0.6\webapps\host-manager]
21-Apr-2025 19:57:25.953 信息 [main] org.apache.catalina.startup.HostConfig.deployDirectory Web应用程序目录[D:\Work\cloud-repository\Code\Java\Javaweb\Prac\apache-tomcat-11.0.6-windows-x64\apache-tomcat-11.0.6\webapps\host-manager]的部署已在[26]毫秒内完成
21-Apr-2025 19:57:25.953 信息 [main] org.apache.catalina.startup.HostConfig.deployDirectory 把web 应用程序部署到目录 [D:\Work\cloud-repository\Code\Java\Javaweb\Prac\apache-tomcat-11.0.6-windows-x64\apache-tomcat-11.0.6\webapps\manager]
21-Apr-2025 19:57:25.973 信息 [main] org.apache.catalina.startup.HostConfig.deployDirectory Web应用程序目录[D:\Work\cloud-repository\Code\Java\Javaweb\Prac\apache-tomcat-11.0.6-windows-x64\apache-tomcat-11.0.6\webapps\manager]的部署已在[20]毫秒内完成
21-Apr-2025 19:57:25.973 信息 [main] org.apache.catalina.startup.HostConfig.deployDirectory 把web 应用程序部署到目录 [D:\Work\cloud-repository\Code\Java\Javaweb\Prac\apache-tomcat-11.0.6-windows-x64\apache-tomcat-11.0.6\webapps\ROOT]
21-Apr-2025 19:57:25.990 信息 [main] org.apache.catalina.startup.HostConfig.deployDirectory Web应用程序目录[D:\Work\cloud-repository\Code\Java\Javaweb\Prac\apache-tomcat-11.0.6-windows-x64\apache-tomcat-11.0.6\webapps\ROOT]的部署已在[17]毫秒内完成
21-Apr-2025 19:57:25.998 信息 [main] org.apache.coyote.AbstractProtocol.start 开始协议处理句柄["http-nio-8080"]
21-Apr-2025 19:57:26.046 信息 [main] org.apache.catalina.startup.Catalina.start [654]毫秒后服务器启动
21-Apr-2025 19:57:39.461 信息 [main] org.apache.catalina.core.StandardServer.await 通过关闭端口接收到有效的关闭命令。正在停止服务器实例。
21-Apr-2025 19:57:39.462 信息 [main] org.apache.coyote.AbstractProtocol.pause 暂停ProtocolHandler["http-nio-8080"]
21-Apr-2025 19:57:39.555 信息 [main] org.apache.catalina.core.StandardService.stopInternal 正在停止服务[Catalina]
21-Apr-2025 19:57:39.564 信息 [main] org.apache.coyote.AbstractProtocol.stop 正在停止ProtocolHandler ["http-nio-8080"]
21-Apr-2025 19:57:39.566 信息 [main] org.apache.coyote.AbstractProtocol.destroy 正在销毁协议处理器 ["http-nio-8080"]
21-Apr-2025 20:12:03.197 信息 [main] org.apache.catalina.startup.VersionLoggerListener.log Server.服务器版本: Apache Tomcat/11.0.6
21-Apr-2025 20:12:03.200 信息 [main] org.apache.catalina.startup.VersionLoggerListener.log 服务器构建:        Apr 1 2025 14:40:40 UTC
21-Apr-2025 20:12:03.200 信息 [main] org.apache.catalina.startup.VersionLoggerListener.log 服务器版本号:      11.0.6.0
21-Apr-2025 20:12:03.200 信息 [main] org.apache.catalina.startup.VersionLoggerListener.log 操作系统名称:      Windows 11
21-Apr-2025 20:12:03.200 信息 [main] org.apache.catalina.startup.VersionLoggerListener.log OS.版本:           10.0
21-Apr-2025 20:12:03.200 信息 [main] org.apache.catalina.startup.VersionLoggerListener.log 架构:              amd64
21-Apr-2025 20:12:03.201 信息 [main] org.apache.catalina.startup.VersionLoggerListener.log Java 环境变量:     D:\JDK17
21-Apr-2025 20:12:03.201 信息 [main] org.apache.catalina.startup.VersionLoggerListener.log Java虚拟机版本:    17.0.12+8-LTS-286
21-Apr-2025 20:12:03.201 信息 [main] org.apache.catalina.startup.VersionLoggerListener.log JVM.供应商:        Oracle Corporation
21-Apr-2025 20:12:03.201 信息 [main] org.apache.catalina.startup.VersionLoggerListener.log CATALINA_BASE:     D:\Work\cloud-repository\Code\Java\Javaweb\Prac\apache-tomcat-11.0.6-windows-x64\apache-tomcat-11.0.6
21-Apr-2025 20:12:03.201 信息 [main] org.apache.catalina.startup.VersionLoggerListener.log CATALINA_HOME:     D:\Work\cloud-repository\Code\Java\Javaweb\Prac\apache-tomcat-11.0.6-windows-x64\apache-tomcat-11.0.6
21-Apr-2025 20:12:03.205 信息 [main] org.apache.catalina.startup.VersionLoggerListener.log 命令行参数：       -Djava.util.logging.config.file=D:\Work\cloud-repository\Code\Java\Javaweb\Prac\apache-tomcat-11.0.6-windows-x64\apache-tomcat-11.0.6\conf\logging.properties
21-Apr-2025 20:12:03.207 信息 [main] org.apache.catalina.startup.VersionLoggerListener.log 命令行参数：       -Djava.util.logging.manager=org.apache.juli.ClassLoaderLogManager
21-Apr-2025 20:12:03.207 信息 [main] org.apache.catalina.startup.VersionLoggerListener.log 命令行参数：       -Djdk.tls.ephemeralDHKeySize=2048
21-Apr-2025 20:12:03.207 信息 [main] org.apache.catalina.startup.VersionLoggerListener.log 命令行参数：       --add-opens=java.base/java.lang=ALL-UNNAMED
21-Apr-2025 20:12:03.207 信息 [main] org.apache.catalina.startup.VersionLoggerListener.log 命令行参数：       --add-opens=java.base/java.lang.reflect=ALL-UNNAMED
21-Apr-2025 20:12:03.207 信息 [main] org.apache.catalina.startup.VersionLoggerListener.log 命令行参数：       --add-opens=java.base/java.io=ALL-UNNAMED
21-Apr-2025 20:12:03.207 信息 [main] org.apache.catalina.startup.VersionLoggerListener.log 命令行参数：       --add-opens=java.base/java.util=ALL-UNNAMED
21-Apr-2025 20:12:03.207 信息 [main] org.apache.catalina.startup.VersionLoggerListener.log 命令行参数：       --add-opens=java.base/java.util.concurrent=ALL-UNNAMED
21-Apr-2025 20:12:03.208 信息 [main] org.apache.catalina.startup.VersionLoggerListener.log 命令行参数：       --add-opens=java.rmi/sun.rmi.transport=ALL-UNNAMED
21-Apr-2025 20:12:03.208 信息 [main] org.apache.catalina.startup.VersionLoggerListener.log 命令行参数：       --enable-native-access=ALL-UNNAMED
21-Apr-2025 20:12:03.208 信息 [main] org.apache.catalina.startup.VersionLoggerListener.log 命令行参数：       -Dcatalina.base=D:\Work\cloud-repository\Code\Java\Javaweb\Prac\apache-tomcat-11.0.6-windows-x64\apache-tomcat-11.0.6
21-Apr-2025 20:12:03.208 信息 [main] org.apache.catalina.startup.VersionLoggerListener.log 命令行参数：       -Dcatalina.home=D:\Work\cloud-repository\Code\Java\Javaweb\Prac\apache-tomcat-11.0.6-windows-x64\apache-tomcat-11.0.6
21-Apr-2025 20:12:03.208 信息 [main] org.apache.catalina.startup.VersionLoggerListener.log 命令行参数：       -Djava.io.tmpdir=D:\Work\cloud-repository\Code\Java\Javaweb\Prac\apache-tomcat-11.0.6-windows-x64\apache-tomcat-11.0.6\temp
21-Apr-2025 20:12:03.209 信息 [main] org.apache.catalina.core.AprLifecycleListener.lifecycleEvent 使用APR版本[1.7.4]加载了基于APR的Apache Tomcat本机库[2.0.8]。
21-Apr-2025 20:12:03.212 信息 [main] org.apache.catalina.core.AprLifecycleListener.initializeSSL OpenSSL成功初始化 [OpenSSL 3.0.14 4 Jun 2024]
21-Apr-2025 20:12:03.365 信息 [main] org.apache.coyote.AbstractProtocol.init 初始化协议处理器 ["http-nio-8080"]
21-Apr-2025 20:12:03.385 信息 [main] org.apache.catalina.startup.Catalina.load 服务器在[316]毫秒内初始化
21-Apr-2025 20:12:03.429 信息 [main] org.apache.catalina.core.StandardService.startInternal 正在启动服务[Catalina]
21-Apr-2025 20:12:03.429 信息 [main] org.apache.catalina.core.StandardEngine.startInternal 正在启动 Servlet 引擎：[Apache Tomcat/11.0.6]
21-Apr-2025 20:12:03.440 信息 [main] org.apache.catalina.startup.HostConfig.deployWAR 正在部署web应用程序存档文件[D:\Work\cloud-repository\Code\Java\Javaweb\Prac\apache-tomcat-11.0.6-windows-x64\apache-tomcat-11.0.6\webapps\tomcat-prac-1.0-SNAPSHOT.war]
21-Apr-2025 20:12:03.681 信息 [main] org.apache.catalina.startup.HostConfig.deployWAR web应用程序存档文件[D:\Work\cloud-repository\Code\Java\Javaweb\Prac\apache-tomcat-11.0.6-windows-x64\apache-tomcat-11.0.6\webapps\tomcat-prac-1.0-SNAPSHOT.war]的部署已在[239]ms内完成
21-Apr-2025 20:12:03.681 信息 [main] org.apache.catalina.startup.HostConfig.deployDirectory 把web 应用程序部署到目录 [D:\Work\cloud-repository\Code\Java\Javaweb\Prac\apache-tomcat-11.0.6-windows-x64\apache-tomcat-11.0.6\webapps\docs]
21-Apr-2025 20:12:03.702 信息 [main] org.apache.catalina.startup.HostConfig.deployDirectory Web应用程序目录[D:\Work\cloud-repository\Code\Java\Javaweb\Prac\apache-tomcat-11.0.6-windows-x64\apache-tomcat-11.0.6\webapps\docs]的部署已在[20]毫秒内完成
21-Apr-2025 20:12:03.702 信息 [main] org.apache.catalina.startup.HostConfig.deployDirectory 把web 应用程序部署到目录 [D:\Work\cloud-repository\Code\Java\Javaweb\Prac\apache-tomcat-11.0.6-windows-x64\apache-tomcat-11.0.6\webapps\examples]
21-Apr-2025 20:12:03.901 信息 [main] org.apache.catalina.startup.HostConfig.deployDirectory Web应用程序目录[D:\Work\cloud-repository\Code\Java\Javaweb\Prac\apache-tomcat-11.0.6-windows-x64\apache-tomcat-11.0.6\webapps\examples]的部署已在[199]毫秒内完成
21-Apr-2025 20:12:03.901 信息 [main] org.apache.catalina.startup.HostConfig.deployDirectory 把web 应用程序部署到目录 [D:\Work\cloud-repository\Code\Java\Javaweb\Prac\apache-tomcat-11.0.6-windows-x64\apache-tomcat-11.0.6\webapps\host-manager]
21-Apr-2025 20:12:03.921 信息 [main] org.apache.catalina.startup.HostConfig.deployDirectory Web应用程序目录[D:\Work\cloud-repository\Code\Java\Javaweb\Prac\apache-tomcat-11.0.6-windows-x64\apache-tomcat-11.0.6\webapps\host-manager]的部署已在[20]毫秒内完成
21-Apr-2025 20:12:03.921 信息 [main] org.apache.catalina.startup.HostConfig.deployDirectory 把web 应用程序部署到目录 [D:\Work\cloud-repository\Code\Java\Javaweb\Prac\apache-tomcat-11.0.6-windows-x64\apache-tomcat-11.0.6\webapps\manager]
21-Apr-2025 20:12:03.940 信息 [main] org.apache.catalina.startup.HostConfig.deployDirectory Web应用程序目录[D:\Work\cloud-repository\Code\Java\Javaweb\Prac\apache-tomcat-11.0.6-windows-x64\apache-tomcat-11.0.6\webapps\manager]的部署已在[19]毫秒内完成
21-Apr-2025 20:12:03.940 信息 [main] org.apache.catalina.startup.HostConfig.deployDirectory 把web 应用程序部署到目录 [D:\Work\cloud-repository\Code\Java\Javaweb\Prac\apache-tomcat-11.0.6-windows-x64\apache-tomcat-11.0.6\webapps\ROOT]
21-Apr-2025 20:12:03.953 信息 [main] org.apache.catalina.startup.HostConfig.deployDirectory Web应用程序目录[D:\Work\cloud-repository\Code\Java\Javaweb\Prac\apache-tomcat-11.0.6-windows-x64\apache-tomcat-11.0.6\webapps\ROOT]的部署已在[13]毫秒内完成
21-Apr-2025 20:12:03.957 信息 [main] org.apache.coyote.AbstractProtocol.start 开始协议处理句柄["http-nio-8080"]
21-Apr-2025 20:12:04.001 信息 [main] org.apache.catalina.startup.Catalina.start [615]毫秒后服务器启动
21-Apr-2025 20:12:10.354 警告 [main] org.apache.catalina.core.StandardServer.await 收到无效的关闭命令[]
